# JRE version: Java(TM) SE Runtime Environment (8.0_20-b26) (build 1.8.0_20-b26)
# Java VM: Java HotSpot(TM) 64-Bit Server VM (25.20-b23 mixed mode linux-amd64 compressed oops)
Heap:
 PSYoungGen      total 17408K, used 13928K [0x00000000ecb80000, 0x00000000ede80000, 0x0000000100000000)
  eden space 15360K, 77% used [0x00000000ecb80000,0x00000000ed725ad0,0x00000000eda80000)
  from space 2048K, 97% used [0x00000000eda80000,0x00000000edc74830,0x00000000edc80000)
  to   space 2048K, 0% used [0x00000000edc80000,0x00000000edc80000,0x00000000ede80000)
 ParOldGen       total 39936K, used 458K [0x00000000c6200000, 0x00000000c8900000, 0x00000000ecb80000)
  object space 39936K, 1% used [0x00000000c6200000,0x00000000c6272840,0x00000000c8900000)
 Metaspace       used 12693K, capacity 12842K, committed 13056K, reserved 1060864K
  class space    used 1467K, capacity 1514K, committed 1536K, reserved 1048576K
GC Heap History (6 events):
Event: 20.980 GC heap before
{Heap before GC invocations=1 (full 0):
 PSYoungGen      total 17408K, used 15360K [0x00000000ecb80000, 0x00000000ede80000, 0x0000000100000000)
  eden space 15360K, 100% used [0x00000000ecb80000,0x00000000eda80000,0x00000000eda80000)
  from space 2048K, 0% used [0x00000000edc80000,0x00000000edc80000,0x00000000ede80000)
  to   space 2048K, 0% used [0x00000000eda80000,0x00000000eda80000,0x00000000edc80000)
 ParOldGen       total 39936K, used 0K [0x00000000c6200000, 0x00000000c8900000, 0x00000000ecb80000)
  object space 39936K, 0% used [0x00000000c6200000,0x00000000c6200000,0x00000000c8900000)
 Metaspace       used 12462K, capacity 12650K, committed 12800K, reserved 1060864K
  class space    used 1466K, capacity 1514K, committed 1536K, reserved 1048576K
Event: 20.986 GC heap after
Heap after GC invocations=1 (full 0):
 PSYoungGen      total 17408K, used 2032K [0x00000000ecb80000, 0x00000000ede80000, 0x0000000100000000)
  eden space 15360K, 0% used [0x00000000ecb80000,0x00000000ecb80000,0x00000000eda80000)
  from space 2048K, 99% used [0x00000000eda80000,0x00000000edc7c020,0x00000000edc80000)
  to   space 2048K, 0% used [0x00000000edc80000,0x00000000edc80000,0x00000000ede80000)
 ParOldGen       total 39936K, used 442K [0x00000000c6200000, 0x00000000c8900000, 0x00000000ecb80000)
  object space 39936K, 1% used [0x00000000c6200000,0x00000000c626e840,0x00000000c8900000)
 Metaspace       used 12462K, capacity 12650K, committed 12800K, reserved 1060864K
  class space    used 1466K, capacity 1514K, committed 1536K, reserved 1048576K
}
Event: 42.377 GC heap before
{Heap before GC invocations=2 (full 0):
 PSYoungGen      total 17408K, used 17392K [0x00000000ecb80000, 0x00000000ede80000, 0x0000000100000000)
  eden space 15360K, 100% used [0x00000000ecb80000,0x00000000eda80000,0x00000000eda80000)
  from space 2048K, 99% used [0x00000000eda80000,0x00000000edc7c020,0x00000000edc80000)
  to   space 2048K, 0% used [0x00000000edc80000,0x00000000edc80000,0x00000000ede80000)
 ParOldGen       total 39936K, used 442K [0x00000000c6200000, 0x00000000c8900000, 0x00000000ecb80000)
  object space 39936K, 1% used [0x00000000c6200000,0x00000000c626e840,0x00000000c8900000)
 Metaspace       used 12605K, capacity 12778K, committed 13056K, reserved 1060864K
  class space    used 1467K, capacity 1514K, committed 1536K, reserved 1048576K
Event: 42.384 GC heap after
Heap after GC invocations=2 (full 0):
 PSYoungGen      total 17408K, used 2016K [0x00000000ecb80000, 0x00000000ede80000, 0x0000000100000000)
  eden space 15360K, 0% used [0x00000000ecb80000,0x00000000ecb80000,0x00000000eda80000)
  from space 2048K, 98% used [0x00000000edc80000,0x00000000ede78010,0x00000000ede80000)
  to   space 2048K, 0% used [0x00000000eda80000,0x00000000eda80000,0x00000000edc80000)
 ParOldGen       total 39936K, used 450K [0x00000000c6200000, 0x00000000c8900000, 0x00000000ecb80000)
  object space 39936K, 1% used [0x00000000c6200000,0x00000000c6270840,0x00000000c8900000)
 Metaspace       used 12605K, capacity 12778K, committed 13056K, reserved 1060864K
  class space    used 1467K, capacity 1514K, committed 1536K, reserved 1048576K
}
Event: 64.577 GC heap before
{Heap before GC invocations=3 (full 0):
 PSYoungGen      total 17408K, used 17376K [0x00000000ecb80000, 0x00000000ede80000, 0x0000000100000000)
  eden space 15360K, 100% used [0x00000000ecb80000,0x00000000eda80000,0x00000000eda80000)
  from space 2048K, 98% used [0x00000000edc80000,0x00000000ede78010,0x00000000ede80000)
  to   space 2048K, 0% used [0x00000000eda80000,0x00000000eda80000,0x00000000edc80000)
 ParOldGen       total 39936K, used 450K [0x00000000c6200000, 0x00000000c8900000, 0x00000000ecb80000)
  object space 39936K, 1% used [0x00000000c6200000,0x00000000c6270840,0x00000000c8900000)
 Metaspace       used 12646K, capacity 12842K, committed 13056K, reserved 1060864K
  class space    used 1467K, capacity 1514K, committed 1536K, reserved 1048576K
Event: 64.581 GC heap after
Heap after GC invocations=3 (full 0):
 PSYoungGen      total 17408K, used 2002K [0x00000000ecb80000, 0x00000000ede80000, 0x0000000100000000)
  eden space 15360K, 0% used [0x00000000ecb80000,0x00000000ecb80000,0x00000000eda80000)
  from space 2048K, 97% used [0x00000000eda80000,0x00000000edc74830,0x00000000edc80000)
  to   space 2048K, 0% used [0x00000000edc80000,0x00000000edc80000,0x00000000ede80000)
 ParOldGen       total 39936K, used 458K [0x00000000c6200000, 0x00000000c8900000, 0x00000000ecb80000)
  object space 39936K, 1% used [0x00000000c6200000,0x00000000c6272840,0x00000000c8900000)
 Metaspace       used 12646K, capacity 12842K, committed 13056K, reserved 1060864K
  class space    used 1467K, capacity 1514K, committed 1536K, reserved 1048576K
}

