# JRE version: Java(TM) SE Runtime Environment (8.0_40-b26) (build 1.8.0_40-b26)
# Java VM: Java HotSpot(TM) Client VM (25.40-b25 mixed mode, sharing windows-x86 )
Heap:
 def new generation   total 4928K, used 1376K [0x03a00000, 0x03f50000, 0x08f50000)
  eden space 4416K,  24% used [0x03a00000, 0x03b115c0, 0x03e50000)
  from space 512K,  55% used [0x03e50000, 0x03e96c48, 0x03ed0000)
  to   space 512K,   0% used [0x03ed0000, 0x03ed0000, 0x03f50000)
 tenured generation   total 10944K, used 4350K [0x08f50000, 0x09a00000, 0x13a00000)
   the space 10944K,  39% used [0x08f50000, 0x0938fb48, 0x0938fc00, 0x09a00000)
 Metaspace       used 1183K, capacity 2653K, committed 2752K, reserved 4480K
GC Heap History (4 events):
Event: 2.548 GC heap before
{Heap before GC invocations=0 (full 0):
 def new generation   total 4928K, used 4253K [0x03a00000, 0x03f50000, 0x08f50000)
  eden space 4416K,  96% used [0x03a00000, 0x03e27460, 0x03e50000)
  from space 512K,   0% used [0x03e50000, 0x03e50000, 0x03ed0000)
  to   space 512K,   0% used [0x03ed0000, 0x03ed0000, 0x03f50000)
 tenured generation   total 10944K, used 0K [0x08f50000, 0x09a00000, 0x13a00000)
   the space 10944K,   0% used [0x08f50000, 0x08f50000, 0x08f50200, 0x09a00000)
 Metaspace       used 1073K, capacity 2601K, committed 2624K, reserved 4480K
Event: 2.559 GC heap after
Heap after GC invocations=1 (full 0):
 def new generation   total 4928K, used 512K [0x03a00000, 0x03f50000, 0x08f50000)
  eden space 4416K,   0% used [0x03a00000, 0x03a00000, 0x03e50000)
  from space 512K, 100% used [0x03ed0000, 0x03f50000, 0x03f50000)
  to   space 512K,   0% used [0x03e50000, 0x03e50000, 0x03ed0000)
 tenured generation   total 10944K, used 972K [0x08f50000, 0x09a00000, 0x13a00000)
   the space 10944K,   8% used [0x08f50000, 0x090432f0, 0x09043400, 0x09a00000)
 Metaspace       used 1073K, capacity 2601K, committed 2624K, reserved 4480K
}
Event: 41.665 GC heap before
{Heap before GC invocations=1 (full 0):
 def new generation   total 4928K, used 4928K [0x03a00000, 0x03f50000, 0x08f50000)
  eden space 4416K, 100% used [0x03a00000, 0x03e50000, 0x03e50000)
  from space 512K, 100% used [0x03ed0000, 0x03f50000, 0x03f50000)
  to   space 512K,   0% used [0x03e50000, 0x03e50000, 0x03ed0000)
 tenured generation   total 10944K, used 972K [0x08f50000, 0x09a00000, 0x13a00000)
   the space 10944K,   8% used [0x08f50000, 0x090432f0, 0x09043400, 0x09a00000)
 Metaspace       used 1176K, capacity 2651K, committed 2752K, reserved 4480K
Event: 41.675 GC heap after
Heap after GC invocations=2 (full 0):
 def new generation   total 4928K, used 283K [0x03a00000, 0x03f50000, 0x08f50000)
  eden space 4416K,   0% used [0x03a00000, 0x03a00000, 0x03e50000)
  from space 512K,  55% used [0x03e50000, 0x03e96c48, 0x03ed0000)
  to   space 512K,   0% used [0x03ed0000, 0x03ed0000, 0x03f50000)
 tenured generation   total 10944K, used 4350K [0x08f50000, 0x09a00000, 0x13a00000)
   the space 10944K,  39% used [0x08f50000, 0x0938fb48, 0x0938fc00, 0x09a00000)
 Metaspace       used 1176K, capacity 2651K, committed 2752K, reserved 4480K
}

